proguard-project.txt
-keepclassmembers class **.R$* {
    public static <fields>;
}

-keep class **.R$*

-keep class com.google.** { *;}
-keep interface com.google.** { *;}
-dontwarn com.google.**

-dontwarn sun.misc.Unsafe
-dontwarn com.google.common.collect.MinMaxPriorityQueue
-keepattributes *Annotation*,Signature
-keep class * extends com.google.api.client.json.GenericJson {
*;
}
-keep class com.google.api.services.drive.** {
*;
}