build/outputs/proguard/client/release/seeds.txt
com.feeltest.smsgroup.LastMessagesActivity
com.feeltest.smsgroup.LastMessagesActivity: LastMessagesActivity()
com.feeltest.smsgroup.MainActivity
com.feeltest.smsgroup.MainActivity: MainActivity()
com.feeltest.smsgroup.R$array
com.feeltest.smsgroup.R$array: int choix_import
com.feeltest.smsgroup.R$attr
com.feeltest.smsgroup.R$color
com.feeltest.smsgroup.R$color: int aqua
com.feeltest.smsgroup.R$color: int black
com.feeltest.smsgroup.R$color: int blue
com.feeltest.smsgroup.R$color: int fuchsia
com.feeltest.smsgroup.R$color: int gray
com.feeltest.smsgroup.R$color: int green
com.feeltest.smsgroup.R$color: int lime
com.feeltest.smsgroup.R$color: int maroon
com.feeltest.smsgroup.R$color: int navy
com.feeltest.smsgroup.R$color: int olive
com.feeltest.smsgroup.R$color: int purple
com.feeltest.smsgroup.R$color: int red
com.feeltest.smsgroup.R$color: int silver
com.feeltest.smsgroup.R$color: int teal
com.feeltest.smsgroup.R$color: int white
com.feeltest.smsgroup.R$color: int yellow
com.feeltest.smsgroup.R$dimen
com.feeltest.smsgroup.R$dimen: int activity_horizontal_margin
com.feeltest.smsgroup.R$dimen: int activity_vertical_margin
com.feeltest.smsgroup.R$dimen: int taille_liste_principal
com.feeltest.smsgroup.R$drawable
com.feeltest.smsgroup.R$drawable: int group_icon
com.feeltest.smsgroup.R$drawable: int ic_launcher
com.feeltest.smsgroup.R$drawable: int ic_launcher_256
com.feeltest.smsgroup.R$drawable: int ic_launcher_512
com.feeltest.smsgroup.R$drawable: int ic_launcher_512_opaque
com.feeltest.smsgroup.R$drawable: int ic_menu_call
com.feeltest.smsgroup.R$drawable: int ic_menu_call_dis
com.feeltest.smsgroup.R$drawable: int icone_edit
com.feeltest.smsgroup.R$drawable: int icone_edit_dis
com.feeltest.smsgroup.R$drawable: int icone_mail
com.feeltest.smsgroup.R$drawable: int icone_mail_dis
com.feeltest.smsgroup.R$drawable: int icone_plus
com.feeltest.smsgroup.R$drawable: int icone_plus_dis
com.feeltest.smsgroup.R$drawable: int icone_poubelle
com.feeltest.smsgroup.R$drawable: int icone_sms_couleur
com.feeltest.smsgroup.R$drawable: int icone_sms_couleur_dis
com.feeltest.smsgroup.R$drawable: int icone_view
com.feeltest.smsgroup.R$drawable: int icone_view_dis
com.feeltest.smsgroup.R$drawable: int list_selector
com.feeltest.smsgroup.R$drawable: int mainimg_groupsms1
com.feeltest.smsgroup.R$drawable: int pres1024_500_opaque
com.feeltest.smsgroup.R$drawable: int selector_call
com.feeltest.smsgroup.R$drawable: int selector_edit
com.feeltest.smsgroup.R$drawable: int selector_mail
com.feeltest.smsgroup.R$drawable: int selector_plus
com.feeltest.smsgroup.R$drawable: int selector_view
com.feeltest.smsgroup.R$drawable: int testeur_icon
com.feeltest.smsgroup.R$id
com.feeltest.smsgroup.R$id: int Button02
com.feeltest.smsgroup.R$id: int Button03
com.feeltest.smsgroup.R$id: int ImageButton1
com.feeltest.smsgroup.R$id: int ImageButton4
com.feeltest.smsgroup.R$id: int LinearLayout1
com.feeltest.smsgroup.R$id: int TextView1
com.feeltest.smsgroup.R$id: int counter
com.feeltest.smsgroup.R$id: int editName
com.feeltest.smsgroup.R$id: int editTel
com.feeltest.smsgroup.R$id: int edit_texto
com.feeltest.smsgroup.R$id: int imageView1
com.feeltest.smsgroup.R$id: int item_add
com.feeltest.smsgroup.R$id: int item_add1
com.feeltest.smsgroup.R$id: int item_add2
com.feeltest.smsgroup.R$id: int item_call
com.feeltest.smsgroup.R$id: int item_edit
com.feeltest.smsgroup.R$id: int item_filsms
com.feeltest.smsgroup.R$id: int item_help
com.feeltest.smsgroup.R$id: int item_last
com.feeltest.smsgroup.R$id: int item_mail
com.feeltest.smsgroup.R$id: int item_poubelle
com.feeltest.smsgroup.R$id: int item_view
com.feeltest.smsgroup.R$id: int listView_main
com.feeltest.smsgroup.R$id: int listlastmsg
com.feeltest.smsgroup.R$id: int textView2
...
com.google.common.util.concurrent.CycleDetectingLockFactory$PotentialDeadlockException
com.google.common.util.concurrent.CycleDetectingLockFactory$PotentialDeadlockException: com.google.common.util.concurrent.CycleDetectingLockFactory$ExampleStackTrace conflictingStackTrace
com.google.common.util.concurrent.CycleDetectingLockFactory$PotentialDeadlockException: CycleDetectingLockFactory$PotentialDeadlockException(com.google.common.util.concurrent.CycleDetectingLockFactory$LockGraphNode,com.google.common.util.concurrent.CycleDetectingLockFactory$LockGraphNode,com.google.common.util.concurrent.CycleDetectingLockFactory$ExampleStackTrace)
com.google.common.util.concurrent.CycleDetectingLockFactory$PotentialDeadlockException: com.google.common.util.concurrent.CycleDetectingLockFactory$ExampleStackTrace getConflictingStackTrace()
com.google.common.util.concurrent.CycleDetectingLockFactory$PotentialDeadlockException: java.lang.String getMessage()
com.google.common.util.concurrent.CycleDetectingLockFactory$PotentialDeadlockException: CycleDetectingLockFactory$PotentialDeadlockException(com.google.common.util.concurrent.CycleDetectingLockFactory$LockGraphNode,com.google.common.util.concurrent.CycleDetectingLockFactory$LockGraphNode,com.google.common.util.concurrent.CycleDetectingLockFactory$ExampleStackTrace,com.google.common.util.concurrent.CycleDetectingLockFactory$1)
com.google.common.util.concurrent.CycleDetectingLockFactory$WithExplicitOrdering
com.google.common.util.concurrent.CycleDetectingLockFactory$WithExplicitOrdering: java.util.Map lockGraphNodes
com.google.common.util.concurrent.CycleDetectingLockFactory$WithExplicitOrdering: CycleDetectingLockFactory$WithExplicitOrdering(com.google.common.util.concurrent.CycleDetectingLockFactory$Policy,java.util.Map)
com.google.common.util.concurrent.CycleDetectingLockFactory$WithExplicitOrdering: java.util.concurrent.locks.ReentrantLock newReentrantLock(java.lang.Enum)
com.google.common.util.concurrent.CycleDetectingLockFactory$WithExplicitOrdering: java.util.concurrent.locks.ReentrantLock newReentrantLock(java.lang.Enum,boolean)
com.google.common.util.concurrent.CycleDetectingLockFactory$WithExplicitOrdering: java.util.concurrent.locks.ReentrantReadWriteLock newReentrantReadWriteLock(java.lang.Enum)
com.google.common.util.concurrent.CycleDetectingLockFactory$WithExplicitOrdering: java.util.concurrent.locks.ReentrantReadWriteLock newReentrantReadWriteLock(java.lang.Enum,boolean)
com.google.common.util.concurrent.ExecutionError
com.google.common.util.concurrent.ExecutionError: long serialVersionUID
com.google.common.util.concurrent.ExecutionError: ExecutionError()
com.google.common.util.concurrent.ExecutionError: ExecutionError(java.lang.String)
com.google.common.util.concurrent.ExecutionError: ExecutionError(java.lang.String,java.lang.Error)
com.google.common.util.concurrent.ExecutionError: ExecutionError(java.lang.Error)
com.google.common.util.concurrent.ExecutionList
com.google.common.util.concurrent.ExecutionList: java.util.logging.Logger log
com.google.common.util.concurrent.ExecutionList: com.google.common.util.concurrent.ExecutionList$RunnableExecutorPair runnables
com.google.common.util.concurrent.ExecutionList: boolean executed
com.google.common.util.concurrent.ExecutionList: ExecutionList()
com.google.common.util.concurrent.ExecutionList: void add(java.lang.Runnable,java.util.concurrent.Executor)
com.google.common.util.concurrent.ExecutionList: void execute()
com.google.common.util.concurrent.ExecutionList: void executeListener(java.lang.Runnable,java.util.concurrent.Executor)
com.google.common.util.concurrent.ExecutionList: void <clinit>()