build/outputs/proguard/client/release/mapping.txt
com.feeltest.smsgroup.DBManager -> com.feeltest.smsgroup.a:
    com.feeltest.smsgroup.DBManager _sharedmanager -> a
    android.content.Context _sharedContext -> b
    com.feeltest.smsgroup.Sql databaseHelper -> c
    android.database.sqlite.SQLiteDatabase db -> d
    com.feeltest.smsgroup.DBManager sharedManager() -> a
    void setSharedContext(android.content.Context) -> a
    void open() -> b
    com.feeltest.smsgroup.Groupe savegroupe(com.feeltest.smsgroup.Groupe) -> a
    java.util.ArrayList getAllGroup() -> c
    java.util.ArrayList getAllTesteur(int) -> a
    com.feeltest.smsgroup.Testeur savetesteur(com.feeltest.smsgroup.Testeur) -> a
    void deleteTesteur(java.util.ArrayList) -> a
    void deleteGroupe(int) -> b
    void moveTesteurto(int,int) -> a
    int updateGroupe(int,java.lang.String) -> a
    int update(com.feeltest.smsgroup.Testeur) -> b
    long update_message(java.util.ArrayList,java.util.ArrayList,java.util.ArrayList,java.util.ArrayList) -> a
    android.database.Cursor getAllMessages() -> d
    java.util.ArrayList getAllGroupName() -> e
    java.util.ArrayList getAllGroupId() -> f
    int moveTesteursto(java.util.ArrayList,java.lang.Integer) -> a
    java.lang.String makePlaceholders(int) -> c
com.feeltest.smsgroup.Groupe -> com.feeltest.smsgroup.b:
    int id -> a
    java.lang.String nomgroup -> b
    boolean checked -> c
    int getId() -> a
    void setId(int) -> a
    java.lang.String getnomgroup() -> b
    void setnomgroup(java.lang.String) -> a
com.feeltest.smsgroup.LastMessagesActivity -> com.feeltest.smsgroup.LastMessagesActivity:
    java.util.ArrayList idtesteur -> a
    android.database.Cursor messages -> b
    void onCreate(android.os.Bundle) -> onCreate
com.feeltest.smsgroup.LastMessagesActivity$1 -> com.feeltest.smsgroup.c:
    com.feeltest.smsgroup.LastMessagesActivity this$0 -> a
    void onItemClick(android.widget.AdapterView,android.view.View,int,long) -> onItemClick
com.feeltest.smsgroup.MainActivity -> com.feeltest.smsgroup.MainActivity:
    int ACTIVITY_CHOOSE_FILE -> a
    android.widget.ListView malisteview -> c
    com.feeltest.smsgroup.MonArrayAdapterGroup monadapter -> d
    java.util.ArrayList listegroupe -> e
    android.content.BroadcastReceiver mbroadcastreceiver -> f
    android.content.Context context -> g
    android.app.ProgressDialog p -> b
    void onCreate(android.os.Bundle) -> onCreate
    boolean onCreateOptionsMenu(android.view.Menu) -> onCreateOptionsMenu
    boolean onPrepareOptionsMenu(android.view.Menu) -> onPrepareOptionsMenu
    boolean onOptionsItemSelected(android.view.MenuItem) -> onOptionsItemSelected
    void editgroupe(int,int) -> a
    void envoitexto(int) -> a
    void sendsms(java.lang.String,int) -> a
    void delete_groupe(int,int) -> b
    void add_group() -> c
    void ajoutmanuel() -> a
    int creegroup(java.lang.String) -> a
    void ajoutcsv() -> b
    void readlastmessage(int) -> b
    void onActivityResult(int,int,android.content.Intent) -> onActivityResult
    void onPause() -> onPause
    void onResume() -> onResume
    void onDestroy() -> onDestroy
    android.widget.ListView access$000(com.feeltest.smsgroup.MainActivity) -> a
    android.content.BroadcastReceiver access$100(com.feeltest.smsgroup.MainActivity) -> b
    java.util.ArrayList access$200(com.feeltest.smsgroup.MainActivity) -> c
    android.content.Context access$300(com.feeltest.smsgroup.MainActivity) -> d
com.feeltest.smsgroup.MainActivity$1 -> com.feeltest.smsgroup.d:
    com.feeltest.smsgroup.MainActivity this$0 -> a
    void onItemClick(android.widget.AdapterView,android.view.View,int,long) -> onItemClick
com.feeltest.smsgroup.MainActivity$10 -> com.feeltest.smsgroup.e:
    com.feeltest.smsgroup.MainActivity this$0 -> a
    void onClick(android.content.DialogInterface,int) -> onClick
com.feeltest.smsgroup.MainActivity$11 -> com.feeltest.smsgroup.f:
    com.feeltest.smsgroup.MainActivity this$0 -> a
    void onClick(android.content.DialogInterface,int) -> onClick
...
android.support.v4.view.ViewCompatEclairMr1 -> android.support.v4.view.ah:
    boolean isOpaque(android.view.View) -> a
android.support.v4.view.ViewCompatGingerbread -> android.support.v4.view.ai:
    int getOverScrollMode(android.view.View) -> a
android.support.v4.view.ViewCompatHC -> android.support.v4.view.aj:
    long getFrameTime() -> a
    void setLayerType(android.view.View,int,android.graphics.Paint) -> a
    int getLayerType(android.view.View) -> a
android.support.v4.view.ViewCompatICS -> android.support.v4.view.ak:
    boolean canScrollHorizontally(android.view.View,int) -> a
android.support.v4.view.ViewCompatJB -> android.support.v4.view.al:
    void postInvalidateOnAnimation(android.view.View) -> a
    void postInvalidateOnAnimation(android.view.View,int,int,int,int) -> a
    void postOnAnimation(android.view.View,java.lang.Runnable) -> a
android.support.v4.view.ViewCompatJellybeanMr1 -> android.support.v4.view.am:
    void setLayerPaint(android.view.View,android.graphics.Paint) -> a
    int getLayoutDirection(android.view.View) -> a
android.support.v4.view.ViewPager -> android.support.v4.view.ViewPager:
    int[] LAYOUT_ATTRS -> a
    int mExpectedAdapterCount -> b
    java.util.Comparator COMPARATOR -> c
    android.view.animation.Interpolator sInterpolator -> d
    java.util.ArrayList mItems -> e
    android.support.v4.view.ViewPager$ItemInfo mTempItem -> f
    android.graphics.Rect mTempRect -> g
    android.support.v4.view.PagerAdapter mAdapter -> h
    int mCurItem -> i
    int mRestoredCurItem -> j
    android.os.Parcelable mRestoredAdapterState -> k
    java.lang.ClassLoader mRestoredClassLoader -> l
    android.widget.Scroller mScroller -> m
    android.support.v4.view.ViewPager$PagerObserver mObserver -> n
    int mPageMargin -> o
    android.graphics.drawable.Drawable mMarginDrawable -> p
    int mTopPageBounds -> q
    int mBottomPageBounds -> r
    float mFirstOffset -> s
    float mLastOffset -> t
    int mChildWidthMeasureSpec -> u
    int mChildHeightMeasureSpec -> v
    boolean mInLayout -> w
    boolean mScrollingCacheEnabled -> x
    boolean mPopulatePending -> y
    int mOffscreenPageLimit -> z
    boolean mIsBeingDragged -> A
    boolean mIsUnableToDrag -> B
    int mDefaultGutterSize -> C
    int mGutterSize -> D
    int mTouchSlop -> E
    float mLastMotionX -> F
    float mLastMotionY -> G
    float mInitialMotionX -> H
    float mInitialMotionY -> I
    int mActivePointerId -> J
    android.view.VelocityTracker mVelocityTracker -> K
    int mMinimumVelocity -> L
android.support.v4.view.ViewPager$1 -> android.support.v4.view.an:
    int compare(android.support.v4.view.ViewPager$ItemInfo,android.support.v4.view.ViewPager$ItemInfo) -> a
    int compare(java.lang.Object,java.lang.Object) -> compare
android.support.v4.view.ViewPager$2 -> android.support.v4.view.ao:
    float getInterpolation(float) -> getInterpolation
android.support.v4.view.ViewPager$Decor -> android.support.v4.view.ap:
android.support.v4.view.ViewPager$ItemInfo -> android.support.v4.view.aq:
    java.lang.Object object -> a
    int position -> b
    boolean scrolling -> c
    float widthFactor -> d
    float offset -> e
android.support.v4.view.ViewPager$LayoutParams -> android.support.v4.view.ar:
    boolean isDecor -> a
    int gravity -> b
    float widthFactor -> c
    boolean needsMeasure -> d
    int position -> e
    int childIndex -> f
android.support.v4.view.ViewPager$OnAdapterChangeListener -> android.support.v4.view.as:
    void onAdapterChanged(android.support.v4.view.PagerAdapter,android.support.v4.view.PagerAdapter) -> a
android.support.v4.view.ViewPager$OnPageChangeListener -> android.support.v4.view.at:
    void onPageScrolled(int,float,int) -> a
    void onPageSelected(int) -> a
    void onPageScrollStateChanged(int) -> b
android.support.v4.view.ViewPager$PageTransformer -> android.support.v4.view.au:
    void transformPage(android.view.View,float) -> a